# JRE version: Java(TM) SE Runtime Environment (8.0_112-b15) (build 1.8.0_112-b15)
# Java VM: Java HotSpot(TM) 64-Bit Server VM (25.112-b15 mixed mode windows-amd64 compressed oops)
Heap:
 PSYoungGen      total 40960K, used 35353K [0x00000007bc400000, 0x00000007c0000000, 0x00000007c0000000)
  eden space 20480K, 83% used [0x00000007bc400000,0x00000007bd4baa50,0x00000007bd800000)
  from space 20480K, 88% used [0x00000007bd800000,0x00000007be9cbce0,0x00000007bec00000)
  to   space 20480K, 0% used [0x00000007bec00000,0x00000007bec00000,0x00000007c0000000)
 ParOldGen       total 264192K, used 160533K [0x0000000700000000, 0x0000000710200000, 0x00000007bc400000)
  object space 264192K, 60% used [0x0000000700000000,0x0000000709cc5430,0x0000000710200000)
 Metaspace       used 78737K, capacity 79503K, committed 80128K, reserved 1118208K
  class space    used 11861K, capacity 12018K, committed 12032K, reserved 1048576K
GC Heap History (10 events):
Event: 979.684 GC heap before
{Heap before GC invocations=228 (full 11):
 PSYoungGen      total 46592K, used 45639K [0x00000007bc400000, 0x00000007c0000000, 0x00000007c0000000)
  eden space 34816K, 100% used [0x00000007bc400000,0x00000007be600000,0x00000007be600000)
  from space 11776K, 91% used [0x00000007bf480000,0x00000007bff11f70,0x00000007c0000000)
  to   space 13312K, 0% used [0x00000007be600000,0x00000007be600000,0x00000007bf300000)
 ParOldGen       total 264192K, used 158032K [0x0000000700000000, 0x0000000710200000, 0x00000007bc400000)
  object space 264192K, 59% used [0x0000000700000000,0x0000000709a54188,0x0000000710200000)
 Metaspace       used 78502K, capacity 79303K, committed 79872K, reserved 1118208K
  class space    used 11860K, capacity 12018K, committed 12032K, reserved 1048576K
Event: 979.692 GC heap after
Heap after GC invocations=228 (full 11):
 PSYoungGen      total 46592K, used 11335K [0x00000007bc400000, 0x00000007c0000000, 0x00000007c0000000)
  eden space 34816K, 0% used [0x00000007bc400000,0x00000007bc400000,0x00000007be600000)
  from space 11776K, 96% used [0x00000007be600000,0x00000007bf111f70,0x00000007bf180000)
  to   space 14848K, 0% used [0x00000007bf180000,0x00000007bf180000,0x00000007c0000000)
 ParOldGen       total 264192K, used 158064K [0x0000000700000000, 0x0000000710200000, 0x00000007bc400000)
  object space 264192K, 59% used [0x0000000700000000,0x0000000709a5c188,0x0000000710200000)
 Metaspace       used 78502K, capacity 79303K, committed 79872K, reserved 1118208K
  class space    used 11860K, capacity 12018K, committed 12032K, reserved 1048576K
}
Event: 979.818 GC heap before
{Heap before GC invocations=229 (full 11):
 PSYoungGen      total 46592K, used 46151K [0x00000007bc400000, 0x00000007c0000000, 0x00000007c0000000)
  eden space 34816K, 100% used [0x00000007bc400000,0x00000007be600000,0x00000007be600000)
  from space 11776K, 96% used [0x00000007be600000,0x00000007bf111f70,0x00000007bf180000)
  to   space 14848K, 0% used [0x00000007bf180000,0x00000007bf180000,0x00000007c0000000)
 ParOldGen       total 264192K, used 158064K [0x0000000700000000, 0x0000000710200000, 0x00000007bc400000)
  object space 264192K, 59% used [0x0000000700000000,0x0000000709a5c188,0x0000000710200000)
 Metaspace       used 78509K, capacity 79303K, committed 79872K, reserved 1118208K
  class space    used 11860K, capacity 12018K, committed 12032K, reserved 1048576K
Event: 979.827 GC heap after
Heap after GC invocations=229 (full 11):
 PSYoungGen      total 44544K, used 11559K [0x00000007bc400000, 0x00000007c0000000, 0x00000007c0000000)
  eden space 29696K, 0% used [0x00000007bc400000,0x00000007bc400000,0x00000007be100000)
  from space 14848K, 77% used [0x00000007bf180000,0x00000007bfcc9f70,0x00000007c0000000)
  to   space 15872K, 0% used [0x00000007be100000,0x00000007be100000,0x00000007bf080000)
 ParOldGen       total 264192K, used 158096K [0x0000000700000000, 0x0000000710200000, 0x00000007bc400000)
  object space 264192K, 59% used [0x0000000700000000,0x0000000709a64188,0x0000000710200000)
 Metaspace       used 78509K, capacity 79303K, committed 79872K, reserved 1118208K
  class space    used 11860K, capacity 12018K, committed 12032K, reserved 1048576K
}
Event: 980.046 GC heap before
{Heap before GC invocations=230 (full 11):
 PSYoungGen      total 44544K, used 41255K [0x00000007bc400000, 0x00000007c0000000, 0x00000007c0000000)
  eden space 29696K, 100% used [0x00000007bc400000,0x00000007be100000,0x00000007be100000)
  from space 14848K, 77% used [0x00000007bf180000,0x00000007bfcc9f70,0x00000007c0000000)
  to   space 15872K, 0% used [0x00000007be100000,0x00000007be100000,0x00000007bf080000)
 ParOldGen       total 264192K, used 158096K [0x0000000700000000, 0x0000000710200000, 0x00000007bc400000)
  object space 264192K, 59% used [0x0000000700000000,0x0000000709a64188,0x0000000710200000)
 Metaspace       used 78529K, capacity 79303K, committed 79872K, reserved 1118208K
  class space    used 11860K, capacity 12018K, committed 12032K, reserved 1048576K
Event: 980.057 GC heap after
Heap after GC invocations=230 (full 11):
 PSYoungGen      total 43520K, used 13479K [0x00000007bc400000, 0x00000007c0000000, 0x00000007c0000000)
  eden space 29696K, 0% used [0x00000007bc400000,0x00000007bc400000,0x00000007be100000)
  from space 13824K, 97% used [0x00000007be100000,0x00000007bee29f70,0x00000007bee80000)
  to   space 17408K, 0% used [0x00000007bef00000,0x00000007bef00000,0x00000007c0000000)
 ParOldGen       total 264192K, used 158459K [0x0000000700000000, 0x0000000710200000, 0x00000007bc400000)
  object space 264192K, 59% used [0x0000000700000000,0x0000000709abec80,0x0000000710200000)
 Metaspace       used 78529K, capacity 79303K, committed 79872K, reserved 1118208K
  class space    used 11860K, capacity 12018K, committed 12032K, reserved 1048576K
}
Event: 980.627 GC heap before
{Heap before GC invocations=231 (full 11):
 PSYoungGen      total 43520K, used 43175K [0x00000007bc400000, 0x00000007c0000000, 0x00000007c0000000)
  eden space 29696K, 100% used [0x00000007bc400000,0x00000007be100000,0x00000007be100000)
  from space 13824K, 97% used [0x00000007be100000,0x00000007bee29f70,0x00000007bee80000)
  to   space 17408K, 0% used [0x00000007bef00000,0x00000007bef00000,0x00000007c0000000)
 ParOldGen       total 264192K, used 158459K [0x0000000700000000, 0x0000000710200000, 0x00000007bc400000)
  object space 264192K, 59% used [0x0000000700000000,0x0000000709abec80,0x0000000710200000)
 Metaspace       used 78564K, capacity 79303K, committed 79872K, reserved 1118208K
  class space    used 11860K, capacity 12018K, committed 12032K, reserved 1048576K
Event: 980.642 GC heap after
Heap after GC invocations=231 (full 11):
 PSYoungGen      total 37888K, used 17383K [0x00000007bc400000, 0x00000007c0000000, 0x00000007c0000000)
  eden space 20480K, 0% used [0x00000007bc400000,0x00000007bc400000,0x00000007bd800000)
  from space 17408K, 99% used [0x00000007bef00000,0x00000007bfff9f70,0x00000007c0000000)
  to   space 20480K, 0% used [0x00000007bd800000,0x00000007bd800000,0x00000007bec00000)
 ParOldGen       total 264192K, used 160443K [0x0000000700000000, 0x0000000710200000, 0x00000007bc400000)
  object space 264192K, 60% used [0x0000000700000000,0x0000000709caed20,0x0000000710200000)
 Metaspace       used 78564K, capacity 79303K, committed 79872K, reserved 1118208K
  class space    used 11860K, capacity 12018K, committed 12032K, reserved 1048576K
}
Event: 981.917 GC heap before
{Heap before GC invocations=232 (full 11):
 PSYoungGen      total 37888K, used 37863K [0x00000007bc400000, 0x00000007c0000000, 0x00000007c0000000)
  eden space 20480K, 100% used [0x00000007bc400000,0x00000007bd800000,0x00000007bd800000)
  from space 17408K, 99% used [0x00000007bef00000,0x00000007bfff9f70,0x00000007c0000000)
  to   space 20480K, 0% used [0x00000007bd800000,0x00000007bd800000,0x00000007bec00000)
 ParOldGen       total 264192K, used 160445K [0x0000000700000000, 0x0000000710200000, 0x00000007bc400000)
  object space 264192K, 60% used [0x0000000700000000,0x0000000709caf430,0x0000000710200000)
 Metaspace       used 78660K, capacity 79439K, committed 79872K, reserved 1118208K
  class space    used 11860K, capacity 12018K, committed 12032K, reserved 1048576K
Event: 981.948 GC heap after
Heap after GC invocations=232 (full 11):
 PSYoungGen      total 40960K, used 18223K [0x00000007bc400000, 0x00000007c0000000, 0x00000007c0000000)
  eden space 20480K, 0% used [0x00000007bc400000,0x00000007bc400000,0x00000007bd800000)
  from space 20480K, 88% used [0x00000007bd800000,0x00000007be9cbce0,0x00000007bec00000)
  to   space 20480K, 0% used [0x00000007bec00000,0x00000007bec00000,0x00000007c0000000)
 ParOldGen       total 264192K, used 160533K [0x0000000700000000, 0x0000000710200000, 0x00000007bc400000)
  object space 264192K, 60% used [0x0000000700000000,0x0000000709cc5430,0x0000000710200000)
 Metaspace       used 78660K, capacity 79439K, committed 79872K, reserved 1118208K
  class space    used 11860K, capacity 12018K, committed 12032K, reserved 1048576K
}

